c:\users\valiant\source\repos\undevine\age-of-warfare\age-of-warfare\x64\debug\vc142.pdb
c:\users\valiant\source\repos\undevine\age-of-warfare\age-of-warfare\x64\debug\vc142.idb
c:\users\valiant\source\repos\undevine\age-of-warfare\age-of-warfare\x64\debug\soldier.obj
c:\users\valiant\source\repos\undevine\age-of-warfare\age-of-warfare\x64\debug\main.obj
c:\users\valiant\source\repos\undevine\age-of-warfare\age-of-warfare\x64\debug\application.obj
c:\users\valiant\source\repos\undevine\age-of-warfare\age-of-warfare\x64\debug\age-of-warfare.ilk
c:\users\valiant\source\repos\undevine\age-of-warfare\x64\debug\age-of-warfare.exe
c:\users\valiant\source\repos\undevine\age-of-warfare\x64\debug\age-of-warfare.pdb
c:\users\anter\source\repos\age-of-warfare\age-of-warfare\x64\debug\application.obj
c:\users\anter\source\repos\age-of-warfare\age-of-warfare\x64\debug\main.obj
c:\users\anter\source\repos\age-of-warfare\age-of-warfare\x64\debug\soldier.obj
c:\users\anter\source\repos\age-of-warfare\age-of-warfare\x64\debug\age-of-warfare.ilk
c:\users\anter\source\repos\age-of-warfare\age-of-warfare\x64\debug\vc142.idb
c:\users\anter\source\repos\age-of-warfare\age-of-warfare\x64\debug\vc142.pdb
c:\users\anter\source\repos\age-of-warfare\age-of-warfare\x64\debug\age-of-warfare.tlog\cl.command.1.tlog
c:\users\anter\source\repos\age-of-warfare\age-of-warfare\x64\debug\age-of-warfare.tlog\cl.read.1.tlog
c:\users\anter\source\repos\age-of-warfare\age-of-warfare\x64\debug\age-of-warfare.tlog\cl.write.1.tlog
c:\users\anter\source\repos\age-of-warfare\age-of-warfare\x64\debug\age-of-warfare.tlog\link.command.1.tlog
c:\users\anter\source\repos\age-of-warfare\age-of-warfare\x64\debug\age-of-warfare.tlog\link.read.1.tlog
c:\users\anter\source\repos\age-of-warfare\age-of-warfare\x64\debug\age-of-warfare.tlog\link.write.1.tlog
